<?xml version="1.0" encoding="UTF-8"?>
<!-- Generated by org.testng.reporters.JUnitReportReporter -->
<testsuite name="com.test.search.WebSearchTest" tests="3" time="4.287" ignored="0" failures="0" timestamp="17 Nis 2018 13:38:32 GMT" skipped="0" hostname="EzgiOne-PC" errors="0">
  <testcase name="openWebPage" time="2.157" classname="com.test.search.WebSearchTest"/>
  <testcase name="searchForKeyword" time="1.812" classname="com.test.search.WebSearchTest"/>
  <testcase name="takeScreenShotForResult" time="0.318" classname="com.test.search.WebSearchTest"/>
</testsuite> <!-- com.test.search.WebSearchTest -->
